<?xml version="1.0" encoding="UTF-8"?>
<!-- Generated by org.testng.reporters.JUnitXMLReporter -->
<testsuite ignored="0" hostname="DESKTOP-FP801PF" failures="0" tests="8" name="Test" time="57.021" errors="0" timestamp="2025-03-24T11:40:10 GMT">
  <testcase classname="testCases.TC001_AccountRegistrationTest" name="verifyAccountRegistration" time="2.653"/>
  <testcase classname="testCases.TC002_LoginTest" name="verify_login" time="1.816"/>
  <testcase classname="testCases.TC003_LoginTest_DDT" name="loginDataDriven" time="2.595"/>
  <testcase classname="testCases.TC003_LoginTest_DDT" name="loginDataDriven" time="11.175"/>
  <testcase classname="testCases.TC003_LoginTest_DDT" name="loginDataDriven" time="2.942"/>
  <testcase classname="testCases.TC003_LoginTest_DDT" name="loginDataDriven" time="10.813"/>
  <testcase classname="testCases.TC003_LoginTest_DDT" name="loginDataDriven" time="2.835"/>
  <testcase classname="testCases.TC003_LoginTest_DDT" name="loginDataDriven" time="10.754"/>
</testsuite> <!-- Test -->
