<?xml version="1.0" encoding="UTF-8"?>
<!-- Generated by org.testng.reporters.JUnitXMLReporter -->
<testsuite ignored="0" hostname="DESKTOP-FP801PF" failures="0" tests="8" name="Test" time="58.634" errors="0" timestamp="2025-03-25T09:37:03 GMT">
  <testcase classname="testCases.TC001_AccountRegistrationTest" name="verifyAccountRegistration" time="2.686"/>
  <testcase classname="testCases.TC002_LoginTest" name="verify_login" time="1.768"/>
  <testcase classname="testCases.TC003_LoginTest_DDT" name="loginDataDriven" time="3.086"/>
  <testcase classname="testCases.TC003_LoginTest_DDT" name="loginDataDriven" time="11.368"/>
  <testcase classname="testCases.TC003_LoginTest_DDT" name="loginDataDriven" time="2.682"/>
  <testcase classname="testCases.TC003_LoginTest_DDT" name="loginDataDriven" time="10.743"/>
  <testcase classname="testCases.TC003_LoginTest_DDT" name="loginDataDriven" time="2.976"/>
  <testcase classname="testCases.TC003_LoginTest_DDT" name="loginDataDriven" time="11.227"/>
</testsuite> <!-- Test -->
