<?xml version="1.0" encoding="UTF-8"?>
<testng-results ignored="0" total="8" passed="8" failed="0" skipped="0">
  <reporter-output>
  </reporter-output>
  <suite started-at="2025-03-25T09:36:04 GMT" name="Suite" finished-at="2025-03-25T09:37:02 GMT" duration-ms="58634">
    <groups>
      <group name="Master">
        <method signature="TC001_AccountRegistrationTest.verifyAccountRegistration()[pri:0, instance:testCases.TC001_AccountRegistrationTest@1a482e36]" name="verifyAccountRegistration" class="testCases.TC001_AccountRegistrationTest"/>
        <method signature="TC002_LoginTest.verify_login()[pri:0, instance:testCases.TC002_LoginTest@1bd4fdd]" name="verify_login" class="testCases.TC002_LoginTest"/>
      </group> <!-- Master -->
      <group name="Sanity">
        <method signature="TC002_LoginTest.verify_login()[pri:0, instance:testCases.TC002_LoginTest@1bd4fdd]" name="verify_login" class="testCases.TC002_LoginTest"/>
      </group> <!-- Sanity -->
      <group name="Regression">
        <method signature="TC001_AccountRegistrationTest.verifyAccountRegistration()[pri:0, instance:testCases.TC001_AccountRegistrationTest@1a482e36]" name="verifyAccountRegistration" class="testCases.TC001_AccountRegistrationTest"/>
      </group> <!-- Regression -->
      <group name="Datadriven">
        <method signature="TC003_LoginTest_DDT.loginDataDriven(java.lang.String,java.lang.String,java.lang.String)[pri:0, instance:testCases.TC003_LoginTest_DDT@55183b20]" name="loginDataDriven" class="testCases.TC003_LoginTest_DDT"/>
      </group> <!-- Datadriven -->
    </groups>
    <test started-at="2025-03-25T09:36:04 GMT" name="Test" finished-at="2025-03-25T09:37:02 GMT" duration-ms="58634">
      <class name="testCases.TC003_LoginTest_DDT">
        <test-method is-config="true" signature="setUp(java.lang.String,java.lang.String)[pri:0, instance:testCases.TC003_LoginTest_DDT@55183b20]" started-at="2025-03-25T09:36:16 GMT" name="setUp" finished-at="2025-03-25T09:36:19 GMT" duration-ms="2815" status="PASS">
          <params>
            <param index="0">
              <value>
                <![CDATA[Windows]]>
              </value>
            </param>
            <param index="1">
              <value>
                <![CDATA[chrome]]>
              </value>
            </param>
          </params>
          <reporter-output>
          </reporter-output>
        </test-method> <!-- setUp -->
        <test-method signature="loginDataDriven(java.lang.String,java.lang.String,java.lang.String)[pri:0, instance:testCases.TC003_LoginTest_DDT@55183b20]" started-at="2025-03-25T09:36:20 GMT" name="loginDataDriven" data-provider="LoginData" finished-at="2025-03-25T09:36:23 GMT" duration-ms="3086" status="PASS">
          <params>
            <param index="0">
              <value>
                <![CDATA[learner44@gmail.com]]>
              </value>
            </param>
            <param index="1">
              <value>
                <![CDATA[learner44]]>
              </value>
            </param>
            <param index="2">
              <value>
                <![CDATA[valid]]>
              </value>
            </param>
          </params>
          <reporter-output>
          </reporter-output>
        </test-method> <!-- loginDataDriven -->
        <test-method signature="loginDataDriven(java.lang.String,java.lang.String,java.lang.String)[pri:0, instance:testCases.TC003_LoginTest_DDT@55183b20]" started-at="2025-03-25T09:36:23 GMT" name="loginDataDriven" data-provider="LoginData" finished-at="2025-03-25T09:36:35 GMT" duration-ms="11368" status="PASS">
          <params>
            <param index="0">
              <value>
                <![CDATA[learner444@gmail.com]]>
              </value>
            </param>
            <param index="1">
              <value>
                <![CDATA[learner44]]>
              </value>
            </param>
            <param index="2">
              <value>
                <![CDATA[Invalid]]>
              </value>
            </param>
          </params>
          <reporter-output>
          </reporter-output>
        </test-method> <!-- loginDataDriven -->
        <test-method signature="loginDataDriven(java.lang.String,java.lang.String,java.lang.String)[pri:0, instance:testCases.TC003_LoginTest_DDT@55183b20]" started-at="2025-03-25T09:36:35 GMT" name="loginDataDriven" data-provider="LoginData" finished-at="2025-03-25T09:36:37 GMT" duration-ms="2682" status="PASS">
          <params>
            <param index="0">
              <value>
                <![CDATA[learner55@gmail.com]]>
              </value>
            </param>
            <param index="1">
              <value>
                <![CDATA[learner55]]>
              </value>
            </param>
            <param index="2">
              <value>
                <![CDATA[valid]]>
              </value>
            </param>
          </params>
          <reporter-output>
          </reporter-output>
        </test-method> <!-- loginDataDriven -->
        <test-method signature="loginDataDriven(java.lang.String,java.lang.String,java.lang.String)[pri:0, instance:testCases.TC003_LoginTest_DDT@55183b20]" started-at="2025-03-25T09:36:37 GMT" name="loginDataDriven" data-provider="LoginData" finished-at="2025-03-25T09:36:48 GMT" duration-ms="10743" status="PASS">
          <params>
            <param index="0">
              <value>
                <![CDATA[learner555@gmail.com]]>
              </value>
            </param>
            <param index="1">
              <value>
                <![CDATA[learner55]]>
              </value>
            </param>
            <param index="2">
              <value>
                <![CDATA[invalid]]>
              </value>
            </param>
          </params>
          <reporter-output>
          </reporter-output>
        </test-method> <!-- loginDataDriven -->
        <test-method signature="loginDataDriven(java.lang.String,java.lang.String,java.lang.String)[pri:0, instance:testCases.TC003_LoginTest_DDT@55183b20]" started-at="2025-03-25T09:36:48 GMT" name="loginDataDriven" data-provider="LoginData" finished-at="2025-03-25T09:36:51 GMT" duration-ms="2976" status="PASS">
          <params>
            <param index="0">
              <value>
                <![CDATA[learner66@gmail.com]]>
              </value>
            </param>
            <param index="1">
              <value>
                <![CDATA[learner66]]>
              </value>
            </param>
            <param index="2">
              <value>
                <![CDATA[valid]]>
              </value>
            </param>
          </params>
          <reporter-output>
          </reporter-output>
        </test-method> <!-- loginDataDriven -->
        <test-method signature="loginDataDriven(java.lang.String,java.lang.String,java.lang.String)[pri:0, instance:testCases.TC003_LoginTest_DDT@55183b20]" started-at="2025-03-25T09:36:51 GMT" name="loginDataDriven" data-provider="LoginData" finished-at="2025-03-25T09:37:02 GMT" duration-ms="11227" status="PASS">
          <params>
            <param index="0">
              <value>
                <![CDATA[learner666@gmail.com]]>
              </value>
            </param>
            <param index="1">
              <value>
                <![CDATA[learner66]]>
              </value>
            </param>
            <param index="2">
              <value>
                <![CDATA[invalid]]>
              </value>
            </param>
          </params>
          <reporter-output>
          </reporter-output>
        </test-method> <!-- loginDataDriven -->
        <test-method is-config="true" signature="tearDown()[pri:0, instance:testCases.TC003_LoginTest_DDT@55183b20]" started-at="2025-03-25T09:37:02 GMT" name="tearDown" finished-at="2025-03-25T09:37:02 GMT" duration-ms="85" status="PASS">
          <reporter-output>
          </reporter-output>
        </test-method> <!-- tearDown -->
      </class> <!-- testCases.TC003_LoginTest_DDT -->
      <class name="testCases.TC002_LoginTest">
        <test-method is-config="true" signature="setUp(java.lang.String,java.lang.String)[pri:0, instance:testCases.TC002_LoginTest@1bd4fdd]" started-at="2025-03-25T09:36:11 GMT" name="setUp" finished-at="2025-03-25T09:36:14 GMT" duration-ms="3013" status="PASS">
          <params>
            <param index="0">
              <value>
                <![CDATA[Windows]]>
              </value>
            </param>
            <param index="1">
              <value>
                <![CDATA[chrome]]>
              </value>
            </param>
          </params>
          <reporter-output>
          </reporter-output>
        </test-method> <!-- setUp -->
        <test-method signature="verify_login()[pri:0, instance:testCases.TC002_LoginTest@1bd4fdd]" started-at="2025-03-25T09:36:14 GMT" name="verify_login" finished-at="2025-03-25T09:36:16 GMT" duration-ms="1768" status="PASS">
          <reporter-output>
          </reporter-output>
        </test-method> <!-- verify_login -->
        <test-method is-config="true" signature="tearDown()[pri:0, instance:testCases.TC002_LoginTest@1bd4fdd]" started-at="2025-03-25T09:36:16 GMT" name="tearDown" finished-at="2025-03-25T09:36:16 GMT" duration-ms="90" status="PASS">
          <reporter-output>
          </reporter-output>
        </test-method> <!-- tearDown -->
      </class> <!-- testCases.TC002_LoginTest -->
      <class name="testCases.TC001_AccountRegistrationTest">
        <test-method is-config="true" signature="setUp(java.lang.String,java.lang.String)[pri:0, instance:testCases.TC001_AccountRegistrationTest@1a482e36]" started-at="2025-03-25T09:36:04 GMT" name="setUp" finished-at="2025-03-25T09:36:08 GMT" duration-ms="4590" status="PASS">
          <params>
            <param index="0">
              <value>
                <![CDATA[Windows]]>
              </value>
            </param>
            <param index="1">
              <value>
                <![CDATA[chrome]]>
              </value>
            </param>
          </params>
          <reporter-output>
          </reporter-output>
        </test-method> <!-- setUp -->
        <test-method signature="verifyAccountRegistration()[pri:0, instance:testCases.TC001_AccountRegistrationTest@1a482e36]" started-at="2025-03-25T09:36:08 GMT" name="verifyAccountRegistration" finished-at="2025-03-25T09:36:11 GMT" duration-ms="2686" status="PASS">
          <reporter-output>
          </reporter-output>
        </test-method> <!-- verifyAccountRegistration -->
        <test-method is-config="true" signature="tearDown()[pri:0, instance:testCases.TC001_AccountRegistrationTest@1a482e36]" started-at="2025-03-25T09:36:11 GMT" name="tearDown" finished-at="2025-03-25T09:36:11 GMT" duration-ms="115" status="PASS">
          <reporter-output>
          </reporter-output>
        </test-method> <!-- tearDown -->
      </class> <!-- testCases.TC001_AccountRegistrationTest -->
    </test> <!-- Test -->
  </suite> <!-- Suite -->
</testng-results>
